app/build/intermediates/manifest_merge_blame_file/debug/manifest-merger-blame-debug-report.txt
1<?xml version="1.0" encoding="utf-8"?>
2<manifest xmlns:android="http://schemas.android.com/apk/res/android"
3    package="finals.project"
4    android:versionCode="1"
5    android:versionName="1.0" >
6
7    <uses-sdk
8        android:minSdkVersion="24"
8-->src\main\AndroidManifest.xml
9        android:targetSdkVersion="33" />
9-->src\main\AndroidManifest.xml
10
11    <uses-permission android:name="android.permission.ACCESS_NETWORK_STATE" />
11-->[io.getstream:stream-chat-android-ui-components:5.8.2] AndroidManifest.xml:25:5-79
11-->[io.getstream:stream-chat-android-ui-components:5.8.2] AndroidManifest.xml:25:22-76
12    <uses-permission android:name="android.permission.READ_EXTERNAL_STORAGE" />
12-->[io.getstream:stream-chat-android-ui-components:5.8.2] AndroidManifest.xml:26:5-80
12-->[io.getstream:stream-chat-android-ui-components:5.8.2] AndroidManifest.xml:26:22-77
13    <uses-permission android:name="android.permission.WRITE_EXTERNAL_STORAGE" />
13-->[io.getstream:stream-chat-android-ui-components:5.8.2] AndroidManifest.xml:27:5-81
13-->[io.getstream:stream-chat-android-ui-components:5.8.2] AndroidManifest.xml:27:22-78
14
15    <queries>
15-->[io.getstream:stream-chat-android-ui-common:5.8.2] AndroidManifest.xml:25:5-32:15
16        <intent>
16-->[io.getstream:stream-chat-android-ui-common:5.8.2] AndroidManifest.xml:26:9-28:18
17            <action android:name="android.media.action.VIDEO_CAPTURE" />
17-->[io.getstream:stream-chat-android-ui-common:5.8.2] AndroidManifest.xml:27:13-73
17-->[io.getstream:stream-chat-android-ui-common:5.8.2] AndroidManifest.xml:27:21-70
18        </intent>
19        <intent>
19-->[io.getstream:stream-chat-android-ui-common:5.8.2] AndroidManifest.xml:29:9-31:18
20            <action android:name="android.media.action.IMAGE_CAPTURE" />
20-->[io.getstream:stream-chat-android-ui-common:5.8.2] AndroidManifest.xml:30:13-73
20-->[io.getstream:stream-chat-android-ui-common:5.8.2] AndroidManifest.xml:30:21-70
21        </intent>
22        <intent>
22-->[com.firebaseui:firebase-ui-auth:8.0.2] AndroidManifest.xml:16:9-22:18
23            <action android:name="android.intent.action.VIEW" />
23-->[com.firebaseui:firebase-ui-auth:8.0.2] AndroidManifest.xml:17:13-65
23-->[com.firebaseui:firebase-ui-auth:8.0.2] AndroidManifest.xml:17:21-62
24
25            <category android:name="android.intent.category.BROWSABLE" />
25-->[com.firebaseui:firebase-ui-auth:8.0.2] AndroidManifest.xml:19:13-74
25-->[com.firebaseui:firebase-ui-auth:8.0.2] AndroidManifest.xml:19:23-71
26
27            <data android:scheme="http" />
27-->[com.firebaseui:firebase-ui-auth:8.0.2] AndroidManifest.xml:21:13-43
27-->[com.firebaseui:firebase-ui-auth:8.0.2] AndroidManifest.xml:21:19-40
28        </intent>
29    </queries>
30
31    <uses-permission android:name="android.permission.INTERNET" />
31-->[com.firebaseui:firebase-ui-auth:8.0.2] AndroidManifest.xml:11:5-67
31-->[com.firebaseui:firebase-ui-auth:8.0.2] AndroidManifest.xml:11:22-64
32    <uses-permission android:name="android.permission.POST_NOTIFICATIONS" />
32-->[com.google.firebase:firebase-messaging:23.1.2] AndroidManifest.xml:25:5-77
32-->[com.google.firebase:firebase-messaging:23.1.2] AndroidManifest.xml:25:22-74
33    <uses-permission android:name="android.permission.WAKE_LOCK" /> <!-- Required by older versions of Google Play services to create IID tokens -->
33-->[com.google.firebase:firebase-messaging:23.1.2] AndroidManifest.xml:26:5-68
33-->[com.google.firebase:firebase-messaging:23.1.2] AndroidManifest.xml:26:22-65
34    <uses-permission android:name="com.google.android.c2dm.permission.RECEIVE" />
34-->[com.google.firebase:firebase-messaging:23.1.2] AndroidManifest.xml:28:5-82
34-->[com.google.firebase:firebase-messaging:23.1.2] AndroidManifest.xml:28:22-79
35    <uses-permission android:name="com.google.android.gms.permission.AD_ID" />
35-->[com.google.android.gms:play-services-measurement-api:21.2.0] AndroidManifest.xml:25:5-79
35-->[com.google.android.gms:play-services-measurement-api:21.2.0] AndroidManifest.xml:25:22-76
36    <uses-permission android:name="com.google.android.finsky.permission.BIND_GET_INSTALL_REFERRER_SERVICE" />
36-->[com.google.android.gms:play-services-measurement:21.2.0] AndroidManifest.xml:26:5-110
36-->[com.google.android.gms:play-services-measurement:21.2.0] AndroidManifest.xml:26:22-107
37    <uses-permission android:name="android.permission.RECEIVE_BOOT_COMPLETED" />
37-->[androidx.work:work-runtime:2.7.1] AndroidManifest.xml:27:5-81
37-->[androidx.work:work-runtime:2.7.1] AndroidManifest.xml:27:22-78
38    <uses-permission android:name="android.permission.FOREGROUND_SERVICE" />
38-->[androidx.work:work-runtime:2.7.1] AndroidManifest.xml:28:5-77
38-->[androidx.work:work-runtime:2.7.1] AndroidManifest.xml:28:22-74
39
40    <permission
40-->[androidx.core:core:1.9.0] AndroidManifest.xml:22:5-24:47
41        android:name="finals.project.DYNAMIC_RECEIVER_NOT_EXPORTED_PERMISSION"
41-->[androidx.core:core:1.9.0] AndroidManifest.xml:23:9-81
42        android:protectionLevel="signature" />
42-->[androidx.core:core:1.9.0] AndroidManifest.xml:24:9-44
43
44    <uses-permission android:name="finals.project.DYNAMIC_RECEIVER_NOT_EXPORTED_PERMISSION" />
44-->[androidx.core:core:1.9.0] AndroidManifest.xml:26:5-97
44-->[androidx.core:core:1.9.0] AndroidManifest.xml:26:22-94
45
46    <application
46-->src\main\AndroidManifest.xml:5:5-33:19
47        android:allowBackup="true"
47-->src\main\AndroidManifest.xml:6:9-35
48        android:appComponentFactory="androidx.core.app.CoreComponentFactory"
48-->[androidx.core:core:1.9.0] AndroidManifest.xml:28:18-86
49        android:dataExtractionRules="@xml/data_extraction_rules"
49-->src\main\AndroidManifest.xml:7:9-65
50        android:debuggable="true"
51        android:extractNativeLibs="false"
52        android:fullBackupContent="@xml/backup_rules"
52-->src\main\AndroidManifest.xml:8:9-54
53        android:icon="@mipmap/ic_launcher"
53-->src\main\AndroidManifest.xml:9:9-43
54        android:label="@string/app_name"
54-->src\main\AndroidManifest.xml:10:9-41
55        android:supportsRtl="true"
55-->src\main\AndroidManifest.xml:11:9-35
56        android:testOnly="true"
57        android:theme="@style/Theme.FInalProject" >
57-->src\main\AndroidManifest.xml:12:9-50
58        <activity
58-->src\main\AndroidManifest.xml:14:9-16:40
59            android:name="finals.project.data.PostActivity"
59-->src\main\AndroidManifest.xml:15:13-46
60            android:exported="false" />
60-->src\main\AndroidManifest.xml:16:13-37
61        <activity
61-->src\main\AndroidManifest.xml:17:9-19:40
62            android:name="finals.project.smsPage.MainActivity"
62-->src\main\AndroidManifest.xml:18:13-49
63            android:exported="false" />
63-->src\main\AndroidManifest.xml:19:13-37
64        <activity
64-->src\main\AndroidManifest.xml:20:9-22:40
65            android:name="finals.project.data.HomeActivity"
65-->src\main\AndroidManifest.xml:21:13-46
66            android:exported="false" />
66-->src\main\AndroidManifest.xml:22:13-37
67        <activity
67-->src\main\AndroidManifest.xml:23:9-32:20
68            android:name="finals.project.ui.login.LoginActivity"
68-->src\main\AndroidManifest.xml:24:13-51
69            android:exported="true"
69-->src\main\AndroidManifest.xml:25:13-36
70            android:label="@string/app_name" >
70-->src\main\AndroidManifest.xml:26:13-45
71            <intent-filter>
71-->src\main\AndroidManifest.xml:27:13-31:29
72                <action android:name="android.intent.action.MAIN" />
72-->src\main\AndroidManifest.xml:28:17-69
72-->src\main\AndroidManifest.xml:28:25-66
73
74                <category android:name="android.intent.category.LAUNCHER" />
74-->src\main\AndroidManifest.xml:30:17-77
74-->src\main\AndroidManifest.xml:30:27-74
75            </intent-filter>
76        </activity>
77
78        <provider
78-->[io.getstream:stream-chat-android-ui-components:5.8.2] AndroidManifest.xml:30:9-38:20
79            android:name="androidx.startup.InitializationProvider"
79-->[io.getstream:stream-chat-android-ui-components:5.8.2] AndroidManifest.xml:31:13-67
80            android:authorities="finals.project.androidx-startup"
80-->[io.getstream:stream-chat-android-ui-components:5.8.2] AndroidManifest.xml:32:13-68
81            android:exported="false" >
81-->[io.getstream:stream-chat-android-ui-components:5.8.2] AndroidManifest.xml:33:13-37
82            <meta-data
82-->[io.getstream:stream-chat-android-ui-components:5.8.2] AndroidManifest.xml:35:13-37:52
83                android:name="io.getstream.chat.android.ui.common.ChatUIInitializer"
83-->[io.getstream:stream-chat-android-ui-components:5.8.2] AndroidManifest.xml:36:17-85
84                android:value="androidx.startup" />
84-->[io.getstream:stream-chat-android-ui-components:5.8.2] AndroidManifest.xml:37:17-49
85            <meta-data
85-->[io.getstream:stream-chat-android-ui-common:5.8.2] AndroidManifest.xml:54:13-56:52
86                android:name="com.getstream.sdk.chat.startup.ThreeTenInitializer"
86-->[io.getstream:stream-chat-android-ui-common:5.8.2] AndroidManifest.xml:55:17-82
87                android:value="androidx.startup" />
87-->[io.getstream:stream-chat-android-ui-common:5.8.2] AndroidManifest.xml:56:17-49
88            <meta-data
88-->[androidx.emoji2:emoji2:1.2.0] AndroidManifest.xml:29:13-31:52
89                android:name="androidx.emoji2.text.EmojiCompatInitializer"
89-->[androidx.emoji2:emoji2:1.2.0] AndroidManifest.xml:30:17-75
90                android:value="androidx.startup" />
90-->[androidx.emoji2:emoji2:1.2.0] AndroidManifest.xml:31:17-49
91            <meta-data
91-->[androidx.work:work-runtime:2.7.1] AndroidManifest.xml:36:13-38:52
92                android:name="androidx.work.WorkManagerInitializer"
92-->[androidx.work:work-runtime:2.7.1] AndroidManifest.xml:37:17-68
93                android:value="androidx.startup" />
93-->[androidx.work:work-runtime:2.7.1] AndroidManifest.xml:38:17-49
94            <meta-data
94-->[androidx.lifecycle:lifecycle-process:2.6.0] AndroidManifest.xml:29:13-31:52
95                android:name="androidx.lifecycle.ProcessLifecycleInitializer"
95-->[androidx.lifecycle:lifecycle-process:2.6.0] AndroidManifest.xml:30:17-78
96                android:value="androidx.startup" />
96-->[androidx.lifecycle:lifecycle-process:2.6.0] AndroidManifest.xml:31:17-49
97            <meta-data
97-->[androidx.profileinstaller:profileinstaller:1.2.1] AndroidManifest.xml:30:13-32:52
98                android:name="androidx.profileinstaller.ProfileInstallerInitializer"
98-->[androidx.profileinstaller:profileinstaller:1.2.1] AndroidManifest.xml:31:17-85
99                android:value="androidx.startup" />
99-->[androidx.profileinstaller:profileinstaller:1.2.1] AndroidManifest.xml:32:17-49
100        </provider>
101
102        <activity
102-->[io.getstream:stream-chat-android-ui-components:5.8.2] AndroidManifest.xml:40:9-43:65
103            android:name="io.getstream.chat.android.ui.gallery.AttachmentGalleryActivity"
103-->[io.getstream:stream-chat-android-ui-components:5.8.2] AndroidManifest.xml:41:13-90
104            android:exported="false"
104-->[io.getstream:stream-chat-android-ui-components:5.8.2] AndroidManifest.xml:42:13-37
105            android:theme="@style/StreamUi.AttachmentGallery" />
105-->[io.getstream:stream-chat-android-ui-components:5.8.2] AndroidManifest.xml:43:13-62
106        <activity
106-->[io.getstream:stream-chat-android-ui-components:5.8.2] AndroidManifest.xml:44:9-47:61
107            android:name="io.getstream.chat.android.ui.gallery.AttachmentMediaActivity"
107-->[io.getstream:stream-chat-android-ui-components:5.8.2] AndroidManifest.xml:45:13-88
108            android:exported="false"
108-->[io.getstream:stream-chat-android-ui-components:5.8.2] AndroidManifest.xml:46:13-37
109            android:theme="@style/StreamUi.MediaActivity" />
109-->[io.getstream:stream-chat-android-ui-components:5.8.2] AndroidManifest.xml:47:13-58
110        <activity
110-->[io.getstream:stream-chat-android-ui-components:5.8.2] AndroidManifest.xml:48:9-51:66
111            android:name="io.getstream.chat.android.ui.gallery.AttachmentActivity"
111-->[io.getstream:stream-chat-android-ui-components:5.8.2] AndroidManifest.xml:49:13-83
112            android:exported="false"
112-->[io.getstream:stream-chat-android-ui-components:5.8.2] AndroidManifest.xml:50:13-37
113            android:theme="@style/StreamUi.AttachmentActivity" />
113-->[io.getstream:stream-chat-android-ui-components:5.8.2] AndroidManifest.xml:51:13-63
114        <activity
114-->[io.getstream:stream-chat-android-ui-components:5.8.2] AndroidManifest.xml:52:9-54:40
115            android:name="io.getstream.chat.android.ui.channel.ChannelListActivity"
115-->[io.getstream:stream-chat-android-ui-components:5.8.2] AndroidManifest.xml:53:13-84
116            android:exported="false" />
116-->[io.getstream:stream-chat-android-ui-components:5.8.2] AndroidManifest.xml:54:13-37
117        <activity
117-->[io.getstream:stream-chat-android-ui-components:5.8.2] AndroidManifest.xml:55:9-57:40
118            android:name="io.getstream.chat.android.ui.message.MessageListActivity"
118-->[io.getstream:stream-chat-android-ui-components:5.8.2] AndroidManifest.xml:56:13-84
119            android:exported="false" />
119-->[io.getstream:stream-chat-android-ui-components:5.8.2] AndroidManifest.xml:57:13-37
120        <activity
120-->[io.getstream:stream-chat-android-ui-common:5.8.2] AndroidManifest.xml:35:9-38:75
121            android:name="com.getstream.sdk.chat.view.activity.AttachmentDocumentActivity"
121-->[io.getstream:stream-chat-android-ui-common:5.8.2] AndroidManifest.xml:36:13-91
122            android:exported="false"
122-->[io.getstream:stream-chat-android-ui-common:5.8.2] AndroidManifest.xml:37:13-37
123            android:theme="@style/Theme.AppCompat.DayNight.NoActionBar" />
123-->[io.getstream:stream-chat-android-ui-common:5.8.2] AndroidManifest.xml:38:13-72
124
125        <provider
125-->[io.getstream:stream-chat-android-ui-common:5.8.2] AndroidManifest.xml:40:9-48:20
126            android:name="com.getstream.sdk.chat.StreamFileProvider"
126-->[io.getstream:stream-chat-android-ui-common:5.8.2] AndroidManifest.xml:41:13-69
127            android:authorities="finals.project.streamfileprovider"
127-->[io.getstream:stream-chat-android-ui-common:5.8.2] AndroidManifest.xml:42:13-70
128            android:exported="false"
128-->[io.getstream:stream-chat-android-ui-common:5.8.2] AndroidManifest.xml:43:13-37
129            android:grantUriPermissions="true" >
129-->[io.getstream:stream-chat-android-ui-common:5.8.2] AndroidManifest.xml:44:13-47
130            <meta-data
130-->[io.getstream:stream-chat-android-ui-common:5.8.2] AndroidManifest.xml:45:13-47:60
131                android:name="android.support.FILE_PROVIDER_PATHS"
131-->[io.getstream:stream-chat-android-ui-common:5.8.2] AndroidManifest.xml:46:17-67
132                android:resource="@xml/stream_filepaths" />
132-->[io.getstream:stream-chat-android-ui-common:5.8.2] AndroidManifest.xml:47:17-57
133        </provider>
134
135        <meta-data
135-->[com.firebaseui:firebase-ui-auth:8.0.2] AndroidManifest.xml:26:9-28:69
136            android:name="com.google.android.gms.version"
136-->[com.firebaseui:firebase-ui-auth:8.0.2] AndroidManifest.xml:27:13-58
137            android:value="@integer/google_play_services_version" />
137-->[com.firebaseui:firebase-ui-auth:8.0.2] AndroidManifest.xml:28:13-66
138        <meta-data
138-->[com.firebaseui:firebase-ui-auth:8.0.2] AndroidManifest.xml:29:9-31:63
139            android:name="com.facebook.sdk.ApplicationId"
139-->[com.firebaseui:firebase-ui-auth:8.0.2] AndroidManifest.xml:30:13-58
140            android:value="@string/facebook_application_id" />
140-->[com.firebaseui:firebase-ui-auth:8.0.2] AndroidManifest.xml:31:13-60
141
142        <activity
142-->[com.firebaseui:firebase-ui-auth:8.0.2] AndroidManifest.xml:33:9-37:61
143            android:name="com.firebase.ui.auth.KickoffActivity"
143-->[com.firebaseui:firebase-ui-auth:8.0.2] AndroidManifest.xml:34:13-64
144            android:exported="false"
144-->[com.firebaseui:firebase-ui-auth:8.0.2] AndroidManifest.xml:35:13-37
145            android:label=""
145-->[com.firebaseui:firebase-ui-auth:8.0.2] AndroidManifest.xml:36:13-29
146            android:theme="@style/FirebaseUI.Transparent" />
146-->[com.firebaseui:firebase-ui-auth:8.0.2] AndroidManifest.xml:37:13-58
147        <activity
147-->[com.firebaseui:firebase-ui-auth:8.0.2] AndroidManifest.xml:38:9-42:61
148            android:name="com.firebase.ui.auth.ui.idp.SingleSignInActivity"
148-->[com.firebaseui:firebase-ui-auth:8.0.2] AndroidManifest.xml:39:13-76
149            android:exported="false"
149-->[com.firebaseui:firebase-ui-auth:8.0.2] AndroidManifest.xml:40:13-37
150            android:label=""
150-->[com.firebaseui:firebase-ui-auth:8.0.2] AndroidManifest.xml:41:13-29
151            android:theme="@style/FirebaseUI.Transparent" />
151-->[com.firebaseui:firebase-ui-auth:8.0.2] AndroidManifest.xml:42:13-58
152        <activity
152-->[com.firebaseui:firebase-ui-auth:8.0.2] AndroidManifest.xml:43:9-47:61
153            android:name="com.firebase.ui.auth.ui.credentials.CredentialSaveActivity"
153-->[com.firebaseui:firebase-ui-auth:8.0.2] AndroidManifest.xml:44:13-86
154            android:exported="false"
154-->[com.firebaseui:firebase-ui-auth:8.0.2] AndroidManifest.xml:45:13-37
155            android:label=""
155-->[com.firebaseui:firebase-ui-auth:8.0.2] AndroidManifest.xml:46:13-29
156            android:theme="@style/FirebaseUI.Transparent" />
156-->[com.firebaseui:firebase-ui-auth:8.0.2] AndroidManifest.xml:47:13-58
157        <activity
157-->[com.firebaseui:firebase-ui-auth:8.0.2] AndroidManifest.xml:48:9-52:58
158            android:name="com.firebase.ui.auth.ui.email.RecoverPasswordActivity"
158-->[com.firebaseui:firebase-ui-auth:8.0.2] AndroidManifest.xml:49:13-81
159            android:exported="false"
159-->[com.firebaseui:firebase-ui-auth:8.0.2] AndroidManifest.xml:50:13-37
160            android:label="@string/fui_title_recover_password_activity"
160-->[com.firebaseui:firebase-ui-auth:8.0.2] AndroidManifest.xml:51:13-72
161            android:windowSoftInputMode="adjustResize" />
161-->[com.firebaseui:firebase-ui-auth:8.0.2] AndroidManifest.xml:52:13-55
162        <activity
162-->[com.firebaseui:firebase-ui-auth:8.0.2] AndroidManifest.xml:53:9-57:58
163            android:name="com.firebase.ui.auth.ui.email.EmailActivity"
163-->[com.firebaseui:firebase-ui-auth:8.0.2] AndroidManifest.xml:54:13-71
164            android:exported="false"
164-->[com.firebaseui:firebase-ui-auth:8.0.2] AndroidManifest.xml:55:13-37
165            android:label="@string/fui_sign_in_default"
165-->[com.firebaseui:firebase-ui-auth:8.0.2] AndroidManifest.xml:56:13-56
166            android:windowSoftInputMode="adjustResize" />
166-->[com.firebaseui:firebase-ui-auth:8.0.2] AndroidManifest.xml:57:13-55
167        <activity
167-->[com.firebaseui:firebase-ui-auth:8.0.2] AndroidManifest.xml:58:9-62:77
168            android:name="com.firebase.ui.auth.ui.phone.PhoneActivity"
168-->[com.firebaseui:firebase-ui-auth:8.0.2] AndroidManifest.xml:59:13-71
169            android:exported="false"
169-->[com.firebaseui:firebase-ui-auth:8.0.2] AndroidManifest.xml:60:13-37
170            android:label="@string/fui_sign_in_with_phone_number"
170-->[com.firebaseui:firebase-ui-auth:8.0.2] AndroidManifest.xml:61:13-66
171            android:windowSoftInputMode="adjustResize|stateAlwaysVisible" />
171-->[com.firebaseui:firebase-ui-auth:8.0.2] AndroidManifest.xml:62:13-74
172        <activity
172-->[com.firebaseui:firebase-ui-auth:8.0.2] AndroidManifest.xml:63:9-67:58
173            android:name="com.firebase.ui.auth.ui.idp.WelcomeBackIdpPrompt"
173-->[com.firebaseui:firebase-ui-auth:8.0.2] AndroidManifest.xml:64:13-76
174            android:exported="false"
174-->[com.firebaseui:firebase-ui-auth:8.0.2] AndroidManifest.xml:65:13-37
175            android:label="@string/fui_title_welcome_back_idp_prompt"
175-->[com.firebaseui:firebase-ui-auth:8.0.2] AndroidManifest.xml:66:13-70
176            android:windowSoftInputMode="adjustResize" />
176-->[com.firebaseui:firebase-ui-auth:8.0.2] AndroidManifest.xml:67:13-55
177        <activity
177-->[com.firebaseui:firebase-ui-auth:8.0.2] AndroidManifest.xml:68:9-72:58
178            android:name="com.firebase.ui.auth.ui.email.WelcomeBackPasswordPrompt"
178-->[com.firebaseui:firebase-ui-auth:8.0.2] AndroidManifest.xml:69:13-83
179            android:exported="false"
179-->[com.firebaseui:firebase-ui-auth:8.0.2] AndroidManifest.xml:70:13-37
180            android:label="@string/fui_title_welcome_back_password_prompt"
180-->[com.firebaseui:firebase-ui-auth:8.0.2] AndroidManifest.xml:71:13-75
181            android:windowSoftInputMode="adjustResize" />
181-->[com.firebaseui:firebase-ui-auth:8.0.2] AndroidManifest.xml:72:13-55
182        <activity
182-->[com.firebaseui:firebase-ui-auth:8.0.2] AndroidManifest.xml:73:9-77:58
183            android:name="com.firebase.ui.auth.ui.email.WelcomeBackEmailLinkPrompt"
183-->[com.firebaseui:firebase-ui-auth:8.0.2] AndroidManifest.xml:74:13-84
184            android:exported="false"
184-->[com.firebaseui:firebase-ui-auth:8.0.2] AndroidManifest.xml:75:13-37
185            android:label="@string/fui_title_welcome_back_password_prompt"
185-->[com.firebaseui:firebase-ui-auth:8.0.2] AndroidManifest.xml:76:13-75
186            android:windowSoftInputMode="adjustResize" />
186-->[com.firebaseui:firebase-ui-auth:8.0.2] AndroidManifest.xml:77:13-55
187        <activity
187-->[com.firebaseui:firebase-ui-auth:8.0.2] AndroidManifest.xml:78:9-83:58
188            android:name="com.firebase.ui.auth.ui.email.EmailLinkCatcherActivity"
188-->[com.firebaseui:firebase-ui-auth:8.0.2] AndroidManifest.xml:79:13-82
189            android:exported="false"
189-->[com.firebaseui:firebase-ui-auth:8.0.2] AndroidManifest.xml:80:13-37
190            android:label=""
190-->[com.firebaseui:firebase-ui-auth:8.0.2] AndroidManifest.xml:81:13-29
191            android:theme="@style/FirebaseUI.Transparent"
191-->[com.firebaseui:firebase-ui-auth:8.0.2] AndroidManifest.xml:82:13-58
192            android:windowSoftInputMode="adjustResize" />
192-->[com.firebaseui:firebase-ui-auth:8.0.2] AndroidManifest.xml:83:13-55
193        <activity
193-->[com.firebaseui:firebase-ui-auth:8.0.2] AndroidManifest.xml:84:9-88:58
194            android:name="com.firebase.ui.auth.ui.email.EmailLinkErrorRecoveryActivity"
194-->[com.firebaseui:firebase-ui-auth:8.0.2] AndroidManifest.xml:85:13-88
195            android:exported="false"
195-->[com.firebaseui:firebase-ui-auth:8.0.2] AndroidManifest.xml:86:13-37
196            android:label="@string/fui_sign_in_default"
196-->[com.firebaseui:firebase-ui-auth:8.0.2] AndroidManifest.xml:87:13-56
197            android:windowSoftInputMode="adjustResize" />
197-->[com.firebaseui:firebase-ui-auth:8.0.2] AndroidManifest.xml:88:13-55
198        <activity
198-->[com.firebaseui:firebase-ui-auth:8.0.2] AndroidManifest.xml:89:9-92:65
199            android:name="com.firebase.ui.auth.ui.idp.AuthMethodPickerActivity"
199-->[com.firebaseui:firebase-ui-auth:8.0.2] AndroidManifest.xml:90:13-80
200            android:exported="false"
200-->[com.firebaseui:firebase-ui-auth:8.0.2] AndroidManifest.xml:91:13-37
201            android:label="@string/fui_default_toolbar_title" />
201-->[com.firebaseui:firebase-ui-auth:8.0.2] AndroidManifest.xml:92:13-62
202        <activity
202-->[com.firebaseui:firebase-ui-auth:8.0.2] AndroidManifest.xml:93:9-97:48
203            android:name="com.facebook.FacebookActivity"
203-->[com.firebaseui:firebase-ui-auth:8.0.2] AndroidManifest.xml:94:13-57
204            android:configChanges="keyboard|keyboardHidden|screenLayout|screenSize|orientation"
204-->[com.firebaseui:firebase-ui-auth:8.0.2] AndroidManifest.xml:95:13-96
205            android:label="@string/app_name" />
205-->[com.firebaseui:firebase-ui-auth:8.0.2] AndroidManifest.xml:96:13-45
206        <activity
206-->[com.firebaseui:firebase-ui-auth:8.0.2] AndroidManifest.xml:98:9-110:20
207            android:name="com.facebook.CustomTabActivity"
207-->[com.firebaseui:firebase-ui-auth:8.0.2] AndroidManifest.xml:99:13-58
208            android:exported="true" >
208-->[com.firebaseui:firebase-ui-auth:8.0.2] AndroidManifest.xml:100:13-36
209            <intent-filter>
209-->[com.firebaseui:firebase-ui-auth:8.0.2] AndroidManifest.xml:102:13-109:29
210                <action android:name="android.intent.action.VIEW" />
210-->[com.firebaseui:firebase-ui-auth:8.0.2] AndroidManifest.xml:17:13-65
210-->[com.firebaseui:firebase-ui-auth:8.0.2] AndroidManifest.xml:17:21-62
211
212                <category android:name="android.intent.category.DEFAULT" />
212-->[com.firebaseui:firebase-ui-auth:8.0.2] AndroidManifest.xml:105:17-76
212-->[com.firebaseui:firebase-ui-auth:8.0.2] AndroidManifest.xml:105:27-73
213                <category android:name="android.intent.category.BROWSABLE" />
213-->[com.firebaseui:firebase-ui-auth:8.0.2] AndroidManifest.xml:19:13-74
213-->[com.firebaseui:firebase-ui-auth:8.0.2] AndroidManifest.xml:19:23-71
214
215                <data android:scheme="@string/facebook_login_protocol_scheme" />
215-->[com.firebaseui:firebase-ui-auth:8.0.2] AndroidManifest.xml:21:13-43
215-->[com.firebaseui:firebase-ui-auth:8.0.2] AndroidManifest.xml:21:19-40
216            </intent-filter>
217        </activity>
218
219        <provider
219-->[com.firebaseui:firebase-ui-auth:8.0.2] AndroidManifest.xml:112:9-116:38
220            android:name="com.firebase.ui.auth.data.client.AuthUiInitProvider"
220-->[com.firebaseui:firebase-ui-auth:8.0.2] AndroidManifest.xml:113:13-79
221            android:authorities="finals.project.authuiinitprovider"
221-->[com.firebaseui:firebase-ui-auth:8.0.2] AndroidManifest.xml:114:13-70
222            android:exported="false"
222-->[com.firebaseui:firebase-ui-auth:8.0.2] AndroidManifest.xml:115:13-37
223            android:initOrder="90" />
223-->[com.firebaseui:firebase-ui-auth:8.0.2] AndroidManifest.xml:116:13-35
224
225        <activity
225-->[com.karumi:dexter:6.2.3] AndroidManifest.xml:27:9-29:72
226            android:name="com.karumi.dexter.DexterActivity"
226-->[com.karumi:dexter:6.2.3] AndroidManifest.xml:28:13-60
227            android:theme="@style/Dexter.Internal.Theme.Transparent" />
227-->[com.karumi:dexter:6.2.3] AndroidManifest.xml:29:13-69
228
229        <receiver
229-->[io.getstream:stream-chat-android-client:5.8.2] AndroidManifest.xml:28:9-36:20
230            android:name="io.getstream.chat.android.client.receivers.NotificationMessageReceiver"
230-->[io.getstream:stream-chat-android-client:5.8.2] AndroidManifest.xml:29:13-98
231            android:enabled="true"
231-->[io.getstream:stream-chat-android-client:5.8.2] AndroidManifest.xml:30:13-35
232            android:exported="false" >
232-->[io.getstream:stream-chat-android-client:5.8.2] AndroidManifest.xml:31:13-37
233            <intent-filter>
233-->[io.getstream:stream-chat-android-client:5.8.2] AndroidManifest.xml:32:13-35:29
234                <action android:name="com.getstream.sdk.chat.READ" />
234-->[io.getstream:stream-chat-android-client:5.8.2] AndroidManifest.xml:33:17-70
234-->[io.getstream:stream-chat-android-client:5.8.2] AndroidManifest.xml:33:25-67
235                <action android:name="com.getstream.sdk.chat.REPLY" />
235-->[io.getstream:stream-chat-android-client:5.8.2] AndroidManifest.xml:34:17-71
235-->[io.getstream:stream-chat-android-client:5.8.2] AndroidManifest.xml:34:25-68
236            </intent-filter>
237        </receiver>
238
239        <service
239-->[com.google.firebase:firebase-auth-ktx:21.1.0] AndroidManifest.xml:8:9-14:19
240            android:name="com.google.firebase.components.ComponentDiscoveryService"
240-->[com.google.firebase:firebase-auth-ktx:21.1.0] AndroidManifest.xml:9:13-84
241            android:directBootAware="true"
241-->[com.google.firebase:firebase-common:20.3.1] AndroidManifest.xml:34:13-43
242            android:exported="false" >
242-->[com.google.firebase:firebase-auth-ktx:21.1.0] AndroidManifest.xml:10:13-37
243            <meta-data
243-->[com.google.firebase:firebase-auth-ktx:21.1.0] AndroidManifest.xml:11:13-13:85
244                android:name="com.google.firebase.components:com.google.firebase.auth.ktx.FirebaseAuthKtxRegistrar"
244-->[com.google.firebase:firebase-auth-ktx:21.1.0] AndroidManifest.xml:12:17-116
245                android:value="com.google.firebase.components.ComponentRegistrar" />
245-->[com.google.firebase:firebase-auth-ktx:21.1.0] AndroidManifest.xml:13:17-82
246            <meta-data
246-->[com.google.firebase:firebase-auth:21.1.0] AndroidManifest.xml:67:13-69:85
247                android:name="com.google.firebase.components:com.google.firebase.auth.FirebaseAuthRegistrar"
247-->[com.google.firebase:firebase-auth:21.1.0] AndroidManifest.xml:68:17-109
248                android:value="com.google.firebase.components.ComponentRegistrar" />
248-->[com.google.firebase:firebase-auth:21.1.0] AndroidManifest.xml:69:17-82
249            <meta-data
249-->[com.google.firebase:firebase-messaging-ktx:23.1.2] AndroidManifest.xml:28:13-30:85
250                android:name="com.google.firebase.components:com.google.firebase.messaging.ktx.FirebaseMessagingKtxRegistrar"
250-->[com.google.firebase:firebase-messaging-ktx:23.1.2] AndroidManifest.xml:29:17-126
251                android:value="com.google.firebase.components.ComponentRegistrar" />
251-->[com.google.firebase:firebase-messaging-ktx:23.1.2] AndroidManifest.xml:30:17-82
252            <meta-data
252-->[com.google.firebase:firebase-database-ktx:20.1.0] AndroidManifest.xml:14:13-16:85
253                android:name="com.google.firebase.components:com.google.firebase.database.ktx.FirebaseDatabaseKtxRegistrar"